<?xml version="1.0" encoding="UTF-8"?>
<!-- Generated by org.testng.reporters.JUnitXMLReporter -->
<testsuite ignored="0" hostname="Sourabh" failures="1" tests="2" name="Test" time="18.017" errors="0" timestamp="2026-01-10T14:34:21 IST">
  <testcase classname="com.Ecommerce.testcases.TC_VerifyLoginPageDataDriven" name="Verifylogin" time="7.253"/>
  <testcase classname="com.Ecommerce.testcases.TC_VerifyLoginPageDataDriven" name="Verifylogin" time="4.813">
    <failure type="java.lang.AssertionError" message="expected [true] but found [false]">
      <![CDATA[java.lang.AssertionError: expected [true] but found [false]
at com.Ecommerce.testcases.TC_VerifyLoginPageDataDriven.Verifylogin(TC_VerifyLoginPageDataDriven.java:50)
at java.base/java.util.ArrayList.forEach(ArrayList.java:1596)
... Removed 29 stack frames]]>
    </failure>
  </testcase> <!-- Verifylogin -->
</testsuite> <!-- Test -->
