<?xml version="1.0" encoding="UTF-8"?>
<!-- Generated by org.testng.reporters.JUnitXMLReporter -->
<testsuite ignored="0" hostname="Sourabh" failures="0" tests="3" name="Test" time="53.466" errors="0" timestamp="2026-01-13T09:27:55 IST">
  <testcase classname="com.Ecommerce.testcases.TC_VerifyLoginPageDataDriven" name="Verifylogin" time="9.677"/>
  <testcase classname="com.Ecommerce.testcases.TC_VerifyLoginPageDataDriven" name="Verifylogin" time="7.271"/>
  <testcase classname="com.Ecommerce.testcases.TC_VerifyE2EFlow" name="VerifyAllFlow" time="24.453"/>
</testsuite> <!-- Test -->
