<?xml version="1.0" encoding="UTF-8"?>
<testng-results ignored="0" total="1" passed="1" failed="0" skipped="0">
  <reporter-output>
  </reporter-output>
  <suite started-at="2025-12-14T12:59:38 IST" name="Suite" finished-at="2025-12-14T12:59:46 IST" duration-ms="8010">
    <groups>
    </groups>
    <test started-at="2025-12-14T12:59:38 IST" name="Test" finished-at="2025-12-14T12:59:46 IST" duration-ms="8010">
      <class name="com.Ecommerce.testcases.TC_VerifyLoginPage">
        <test-method is-config="true" signature="setup()[pri:0, instance:com.Ecommerce.testcases.TC_VerifyLoginPage@31190526]" started-at="2025-12-14T12:59:38 IST" name="setup" finished-at="2025-12-14T12:59:40 IST" duration-ms="2088" status="PASS">
          <reporter-output>
          </reporter-output>
        </test-method> <!-- setup -->
        <test-method signature="Verifylogin()[pri:0, instance:com.Ecommerce.testcases.TC_VerifyLoginPage@31190526]" started-at="2025-12-14T12:59:40 IST" name="Verifylogin" finished-at="2025-12-14T12:59:46 IST" duration-ms="5672" status="PASS">
          <reporter-output>
          </reporter-output>
        </test-method> <!-- Verifylogin -->
        <test-method is-config="true" signature="teardown()[pri:0, instance:com.Ecommerce.testcases.TC_VerifyLoginPage@31190526]" started-at="2025-12-14T12:59:46 IST" name="teardown" finished-at="2025-12-14T12:59:46 IST" duration-ms="210" status="PASS">
          <reporter-output>
          </reporter-output>
        </test-method> <!-- teardown -->
      </class> <!-- com.Ecommerce.testcases.TC_VerifyLoginPage -->
    </test> <!-- Test -->
  </suite> <!-- Suite -->
</testng-results>
