<?xml version="1.0" encoding="UTF-8"?>
<testng-results ignored="0" total="1" passed="1" failed="0" skipped="0">
  <reporter-output>
  </reporter-output>
  <suite started-at="2026-01-07T07:45:35 IST" name="Suite" finished-at="2026-01-07T07:45:54 IST" duration-ms="18712">
    <groups>
    </groups>
    <test started-at="2026-01-07T07:45:35 IST" name="Test" finished-at="2026-01-07T07:45:54 IST" duration-ms="18712">
      <class name="com.Ecommerce.testcases.TC_VerifyLoginPage">
        <test-method is-config="true" signature="setup()[pri:0, instance:com.Ecommerce.testcases.TC_VerifyLoginPage@3eb25e1a]" started-at="2026-01-07T07:45:36 IST" name="setup" finished-at="2026-01-07T07:45:45 IST" duration-ms="9001" status="PASS">
          <reporter-output>
          </reporter-output>
        </test-method> <!-- setup -->
        <test-method signature="Verifylogin()[pri:0, instance:com.Ecommerce.testcases.TC_VerifyLoginPage@3eb25e1a]" started-at="2026-01-07T07:45:45 IST" name="Verifylogin" finished-at="2026-01-07T07:45:54 IST" duration-ms="9226" status="PASS">
          <reporter-output>
          </reporter-output>
        </test-method> <!-- Verifylogin -->
        <test-method is-config="true" signature="teardown()[pri:0, instance:com.Ecommerce.testcases.TC_VerifyLoginPage@3eb25e1a]" started-at="2026-01-07T07:45:54 IST" name="teardown" finished-at="2026-01-07T07:45:54 IST" duration-ms="208" status="PASS">
          <reporter-output>
          </reporter-output>
        </test-method> <!-- teardown -->
      </class> <!-- com.Ecommerce.testcases.TC_VerifyLoginPage -->
    </test> <!-- Test -->
  </suite> <!-- Suite -->
</testng-results>
