<?xml version="1.0" encoding="UTF-8"?>
<!-- Generated by org.testng.reporters.JUnitReportReporter -->
<testsuite hostname="Sourabh" failures="0" tests="2" name="com.Ecommerce.testcases.TC_VerifyLoginPageDataDriven" time="16.948" errors="0" timestamp="2026-01-13T09:27:55 IST" skipped="0">
  <testcase classname="com.Ecommerce.testcases.TC_VerifyLoginPageDataDriven" name="Verifylogin" time="9.677"/>
  <testcase classname="com.Ecommerce.testcases.TC_VerifyLoginPageDataDriven" name="Verifylogin" time="7.271"/>
</testsuite> <!-- com.Ecommerce.testcases.TC_VerifyLoginPageDataDriven -->
